Url: https://m.games.mail.ru/pc/articles/feat/kak_s_umom_potratit_v_steam_poslednie_100_rublej/ 
Crawler: True Extractor: TrueCrawler time: 0.0133628845215
Crawler time: 0.00205397605896
28 requests was generated
Payload requests time: 169.353744984
Done.
Url: https://m.games.mail.ru/pc/articles/feat/gollivud_fallout_i_muzyka_chto_proishodit_v_mire_igrovyh_kompozitorov/ 
Crawler: True Extractor: TrueCrawler time: 0.0159530639648
Crawler time: 0.00209188461304
29 requests was generated
Payload requests time: 66.8201379776
Done.
Url: https://m.games.mail.ru/pc/articles/feat/kto_ne_rabotaet/ 
Crawler: True Extractor: TrueCrawler time: 0.0149841308594
Crawler time: 0.00259685516357
28 requests was generated
Payload requests time: 341.588270187
Done.
Url: https://games.mail.ru/pc/games/call_of_duty_modern_warfare_remastered/ 
Crawler: True Extractor: TrueCrawler time: 0.0162889957428
Crawler time: 0.0361049175262
173 requests was generated
Payload requests time: 145.303174019
Done.
Url: https://games.mail.ru/pc/news/2017-07-28/pereizdanie_call_of_duty_razozlilo_obladatelej_pc/ 
Crawler: True Extractor: TrueCrawler time: 0.0152840614319
Crawler time: 0.0359702110291
175 requests was generated
Payload requests time: 145.364154816
Done.
Url: https://games.mail.ru/pc/games/insurgency/ 
Crawler: True Extractor: TrueCrawler time: 0.0162138938904
Crawler time: 0.0368850231171
169 requests was generated
Payload requests time: 127.637155056
Done.
Url: https://games.mail.ru/pc/games/insurgency/images/ 
Crawler: True Extractor: TrueCrawler time: 0.0147759914398
Crawler time: 0.0360088348389
171 requests was generated
Payload requests time: 246.370124102
Done.
Url: https://games.mail.ru/pc/video/official_insurgency_early_access_teaser/ 
Crawler: True Extractor: TrueCrawler time: 0.0149340629578
Crawler time: 0.0344250202179
176 requests was generated
Payload requests time: 318.685961962
Done.
Url: https://m.games.mail.ru/pc/video/guardians_of_middle_earth_launch_trailer/ 
Crawler: True Extractor: TrueCrawler time: 0.0109760761261
Crawler time: 0.0015869140625
26 requests was generated
Payload requests time: 14.3112149239
Done.
Url: https://games.mail.ru/pc/news/2014-08-08/insurgency_vozmozhno_vyjdet_na_konsoljah_novogo_pokolenija/ 
Crawler: True Extractor: TrueCrawler time: 0.016793012619
Crawler time: 0.0376009941101
175 requests was generated
Payload requests time: 146.639976978
Done.
Url: https://m.games.mail.ru/pc/games/assassins_creed/ 
Crawler: True Extractor: TrueCrawler time: 0.0186960697174
Crawler time: 0.00575709342957
46 requests was generated
Payload requests time: 39.3089060783
Done.
Url: https://games.mail.ru/pc/games/fifa_16/images/ 
Crawler: True Extractor: TrueCrawler time: 0.0183789730072
Crawler time: 0.0370569229126
170 requests was generated
Payload requests time: 155.651419878
Done.
Url: https://m.games.mail.ru/pc/articles/feat/project_assassin_by_vitalikvasilef_mail_ru/ 
Crawler: True Extractor: TrueCrawler time: 0.0145008563995
Crawler time: 0.00199699401855
28 requests was generated
Payload requests time: 16.1064009666
Done.
Url: https://m.games.mail.ru/pc/video/vsja_pravda_o_krestovyh_pohodah_v_igrah_i_v_realnosti/ 
Crawler: True Extractor: TrueCrawler time: 0.01393699646
Crawler time: 0.00165295600891
26 requests was generated
Payload requests time: 13.8949770927
Done.
Url: https://m.games.mail.ru/pc/articles/feat/pochemu_assassins_creed_stanet_velichajshej_igrovoj_ekranizaciej_by_djmosquito_mail_ru/ 
Crawler: True Extractor: TrueCrawler time: 0.0101518630981
Crawler time: 0.00164413452148
29 requests was generated
Payload requests time: 119.013062
Done.
Url: https://m.games.mail.ru/pc/news/2012-08-09/akella_zadolzhala_200_millionov/ 
Crawler: True Extractor: TrueCrawler time: 0.0226740837097
Crawler time: 0.00251698493958
28 requests was generated
Payload requests time: 14.5624570847
Done.
Url: https://m.games.mail.ru/pc/video/kogo_mogut_oskorbit_videoigry/ 
Crawler: True Extractor: TrueCrawler time: 0.0117828845978
Crawler time: 0.00148010253906
26 requests was generated
Payload requests time: 15.4496109486
Done.
Url: https://m.games.mail.ru/pc/news/2011-05-03/kompanija_ubisoft_zajmetsja_ekranizaciej_videoigr/ 
Crawler: True Extractor: TrueCrawler time: 0.0251979827881
Crawler time: 0.0025680065155
28 requests was generated
Payload requests time: 14.4673860073
Done.
Url: https://m.games.mail.ru/pc/articles/review/assassins_creed_by_elinsem_mail_ru/ 
Crawler: True Extractor: TrueCrawler time: 0.0284750461578
Crawler time: 0.00451397895813
28 requests was generated
Payload requests time: 16.3959591389
Done.
Url: https://m.games.mail.ru/pc/video/assassin_s_creed_by_arryss_mail_ru/ 
Crawler: True Extractor: TrueCrawler time: 0.0102610588074
Crawler time: 0.00147986412048
26 requests was generated
Payload requests time: 50.9042811394
Done.
Url: https://m.games.mail.ru/pc/articles/feat/srednie_veka_by_alex_shaixe_mail_ru/ 
Crawler: True Extractor: TrueCrawler time: 0.0132398605347
Crawler time: 0.002032995224
28 requests was generated
Payload requests time: 16.3792622089
Done.
Url: https://m.games.mail.ru/pc/news/2014-02-17/konstruktor_assassins_creed_i_drugie_novosti_dnja/ 
Crawler: True Extractor: TrueCrawler time: 0.0244178771973
Crawler time: 0.00290417671204
28 requests was generated
Payload requests time: 15.0246059895
Done.
Url: https://m.games.mail.ru/pc/news/2014-02-17/avtor_issledovanij_o_vrede_zhestokih_igr_pozhalovalsja_na_ugrozy_igrokov/ 
Crawler: True Extractor: TrueCrawler time: 0.0174849033356
Crawler time: 0.0030620098114
29 requests was generated
Payload requests time: 14.696254015
Done.
Url: https://m.games.mail.ru/pc/articles/feat/samye_ozhidaemye_filmy_po_motivam_igr/ 
Crawler: True Extractor: TrueCrawler time: 0.0121080875397
Crawler time: 0.00190997123718
28 requests was generated
Payload requests time: 20.6643259525
Done.
Url: https://m.games.mail.ru/pc/articles/feat/iskusstvennyj_idiot/ 
Crawler: True Extractor: TrueCrawler time: 0.00960302352905
Crawler time: 0.00162982940674
28 requests was generated
Payload requests time: 14.4219088554
Done.
Url: https://games.mail.ru/pc/news/2011-05-03/kompanija_ubisoft_zajmetsja_ekranizaciej_videoigr/ 
Crawler: True Extractor: TrueCrawler time: 0.0158731937408
Crawler time: 0.0315351486206
168 requests was generated
Payload requests time: 134.462516069
Done.
Url: https://m.games.mail.ru/pc/articles/feat/chem_udivit_izdatel_kosmicheskih_rejndzherov/ 
Crawler: True Extractor: TrueCrawler time: 0.0132400989532
Crawler time: 0.00162792205811
28 requests was generated
Payload requests time: 15.0346879959
Done.
Url: https://m.games.mail.ru/pc/articles/feat/sirija_istoricheskaja_spravka/ 
Crawler: True Extractor: TrueCrawler time: 0.0160801410675
Crawler time: 0.00169110298157
28 requests was generated
Payload requests time: 17.0232470036
Done.
Url: https://m.games.mail.ru/pc/articles/feat/igry_dlja_ministerstva_oborony/ 
Crawler: True Extractor: TrueCrawler time: 0.0144059658051
Crawler time: 0.0016450881958
28 requests was generated
Payload requests time: 20.5204968452
Done.
Url: https://games.mail.ru/pc/articles/feat/samye_ozhidaemye_filmy_po_motivam_igr/ 
Crawler: True Extractor: TrueCrawler time: 0.0192170143127
Crawler time: 0.0440521240234
201 requests was generated
Payload requests time: 302.607704163
Done.
Url: https://m.games.mail.ru/pc/video/assassins_creed_trejler_vyhoda_by_thenoir91_mail_ru/ 
Crawler: True Extractor: TrueCrawler time: 0.0134918689728
Crawler time: 0.00178098678589
26 requests was generated
Payload requests time: 40.1321020126
Done.
Url: https://games.mail.ru/pc/articles/feat/chem_udivit_izdatel_kosmicheskih_rejndzherov/ 
Crawler: True Extractor: TrueCrawler time: 0.017147064209
Crawler time: 0.0415790081024
203 requests was generated
Payload requests time: 192.919721842
Done.
Url: https://games.mail.ru/pc/video/bollywood_assassins_creed_clip_3_15066/ 
Crawler: True Extractor: TrueCrawler time: 0.0251619815826
Crawler time: 0.0340619087219
168 requests was generated
Payload requests time: 163.543581009
Done.
Url: https://m.games.mail.ru/pc/articles/review/assassins_creed/ 
Crawler: True Extractor: TrueCrawler time: 0.0236711502075
Crawler time: 0.0026068687439
28 requests was generated
Payload requests time: 14.2006919384
Done.
Url: https://games.mail.ru/pc/news/2012-08-09/akella_zadolzhala_200_millionov/ 
Crawler: True Extractor: TrueCrawler time: 0.0182580947876
Crawler time: 0.0313320159912
166 requests was generated
Payload requests time: 146.665194035
Done.
Url: https://games.mail.ru/pc/games/arma_armed_assault/ 
Crawler: True Extractor: TrueCrawler time: 0.0130140781403
Crawler time: 0.0288329124451
148 requests was generated
Payload requests time: 47.1090891361
Done.
Url: https://games.mail.ru/pc/games/neverwinter_nights_2/ 
Crawler: True Extractor: TrueCrawler time: 0.0169689655304
Crawler time: 0.0336029529572
171 requests was generated
Payload requests time: 155.258588076
Done.
Url: https://games.mail.ru/pc/articles/secret/chit_kod_dlja_neverwinter_nights_2_75_by_vyacheslav_tigipko_mail_ru/ 
Crawler: True Extractor: TrueCrawler time: 0.0162281990051
Crawler time: 0.0339059829712
169 requests was generated
Payload requests time: 201.793962002
Done.
Url: https://m.games.mail.ru/pc/games/neverwinter_nights_2/ 
Crawler: True Extractor: TrueCrawler time: 0.0617368221283
Crawler time: 0.0325620174408
121 requests was generated
Payload requests time: 94.6396491528
Done.
Url: https://games.mail.ru/pc/video/assassin_s_creed_by_arryss_mail_ru/ 
Crawler: True Extractor: TrueCrawler time: 0.0168039798737
Crawler time: 0.0323660373688
167 requests was generated
Payload requests time: 950.181739807
Done.
Url: https://games.mail.ru/pc/games/everquest_ii/ 
Crawler: True Extractor: TrueCrawler time: 0.0164918899536
Crawler time: 0.0365741252899
172 requests was generated
Payload requests time: 146.12468195
Done.
Url: https://games.mail.ru/pc/articles/feat/chem_zanjatsja_etoj_osenju/ 
Crawler: True Extractor: TrueCrawler time: 0.0171480178833
Crawler time: 0.0402219295502
174 requests was generated
Payload requests time: 212.880160093
Done.
Url: https://games.mail.ru/pc/articles/feat/chej_drakon/ 
Crawler: True Extractor: TrueCrawler time: 0.0158958435059
Crawler time: 0.0557610988617
225 requests was generated
Payload requests time: 323.699642181
Done.
Url: https://games.mail.ru/pc/video/everquest_2_skyshrine_update_bts_trailer/ 
Crawler: True Extractor: TrueCrawler time: 0.0201210975647
Crawler time: 0.0362100601196
173 requests was generated
Payload requests time: 167.411720037
Done.
Url: https://m.games.mail.ru/pc/news/2014-10-20/v_anglii_uzhestochili_nakazanie_za_ugrozy_v_onlajne_i_drugie_novosti_dnja/ 
Crawler: True Extractor: TrueCrawler time: 0.0162060260773
Crawler time: 0.00225400924683
29 requests was generated
Payload requests time: 14.8970310688
Done.
Url: https://m.games.mail.ru/pc/news/2017-11-13/assassins_creed_ispolnilos_10_let/ 
Crawler: True Extractor: TrueCrawler time: 0.0218999385834
Crawler time: 0.00211215019226
28 requests was generated
Payload requests time: 13.4430232048
Done.
Url: https://games.mail.ru/pc/video/everquest_ii_dopolnenie_kunark_ascending/ 
Crawler: True Extractor: TrueCrawler time: 0.0230839252472
Crawler time: 0.0378999710083
177 requests was generated
Payload requests time: 209.038361073
Done.
Url: https://games.mail.ru/pc/games/kosmicheskie_rejndzhery/ 
Crawler: True Extractor: TrueCrawler time: 0.016441822052
Crawler time: 0.0319089889526
164 requests was generated
Payload requests time: 134.10441184
Done.
Url: https://games.mail.ru/pc/articles/feat/chris_avellone_20_let_v_igrovoj_industrii/ 
Crawler: True Extractor: TrueCrawler time: 0.0199110507965
Crawler time: 0.036199092865
175 requests was generated
Payload requests time: 201.347899914
Done.
Url: https://games.mail.ru/pc/games/icewind_dale_heart_of_winter/ 
Crawler: True Extractor: TrueCrawler time: 0.0166330337524
Crawler time: 0.0348699092865
171 requests was generated
Payload requests time: 134.945693016
Done.
Url: https://games.mail.ru/pc/games/bards_tale_2_the_destiny_knight/ 
Crawler: True Extractor: TrueCrawler time: 0.0164308547974
Crawler time: 0.035737991333
174 requests was generated
Payload requests time: 145.127993822
Done.
Url: https://games.mail.ru/pc/games/ftl_faster_than_light/ 
Crawler: True Extractor: TrueCrawler time: 0.0172138214111
Crawler time: 0.030620098114
164 requests was generated
Payload requests time: 146.91951108
Done.
Url: https://games.mail.ru/pc/articles/review/ftl_faster_than_light/ 
Crawler: True Extractor: TrueCrawler time: 0.0222477912903
Crawler time: 0.0342800617218
165 requests was generated
Payload requests time: 211.669411898
Done.
Url: https://games.mail.ru/pc/articles/review/pillars_of_eternity/ 
Crawler: True Extractor: TrueCrawler time: 0.0169839859009
Crawler time: 0.0403079986572
173 requests was generated
Payload requests time: 222.863907814
Done.
Url: https://games.mail.ru/pc/video/vosem_dovodov_pochemu_ranshe_bylo_luchshe_1/ 
Crawler: True Extractor: TrueCrawler time: 0.0169339179993
Crawler time: 0.0346419811249
176 requests was generated
Payload requests time: 199.479909182
Done.
Url: https://games.mail.ru/pc/games/icewind_dale/ 
Crawler: True Extractor: TrueCrawler time: 0.0172040462494
Crawler time: 0.0341420173645
170 requests was generated
Payload requests time: 139.853337049
Done.
Url: https://games.mail.ru/pc/news/2018-01-23/valve_otkazalas_platit_avstralii_shtraf_v_3_mln/ 
Crawler: True Extractor: TrueCrawler time: 0.0160889625549
Crawler time: 0.0358979701996
176 requests was generated
Payload requests time: 153.423165083
Done.
Url: https://games.mail.ru/pc/video/kak_tehnicheskie_ogranichenija_sdelali_igry_luchshe/ 
Crawler: True Extractor: TrueCrawler time: 0.0177309513092
Crawler time: 0.0348651409149
177 requests was generated
Payload requests time: 196.040637016
Done.
Url: https://games.mail.ru/pc/games/diablo/ 
Crawler: True Extractor: TrueCrawler time: 0.0179119110107
Crawler time: 0.0324020385742
165 requests was generated
Payload requests time: 149.806776047
Done.
Url: https://games.mail.ru/pc/news/2016-12-29/my_rasskazali_istoriju_sozdanija_diablo/ 
Crawler: True Extractor: TrueCrawler time: 0.0217740535736
Crawler time: 0.0340189933777
174 requests was generated
Payload requests time: 151.870172977
Done.
Url: https://games.mail.ru/pc/news/2017-01-05/v_diablo_3_pojavilos_retro_podzemele/ 
Crawler: True Extractor: TrueCrawler time: 0.0172920227051
Crawler time: 0.034600019455
174 requests was generated
Payload requests time: 157.62789607
Done.
Url: https://games.mail.ru/pc/news/2016-12-29/jubilej_diablo_otprazdnujut_v_igrah_blizzard/ 
Crawler: True Extractor: TrueCrawler time: 0.0284688472748
Crawler time: 0.054349899292
174 requests was generated
Payload requests time: 151.76671505
Done.
Url: https://games.mail.ru/pc/games/project_eternity/ 
Crawler: True Extractor: TrueCrawler time: 0.0225369930267
Crawler time: 0.0352280139923
171 requests was generated
Payload requests time: 150.444638014
Done.
Url: https://games.mail.ru/pc/news/2017-06-23/paradox_vnov_snizit_ceny_na_svoi_igry_v_rossii/ 
Crawler: True Extractor: TrueCrawler time: 0.016884803772
Crawler time: 0.031996011734
168 requests was generated
Payload requests time: 146.747796059
Done.
Url: https://games.mail.ru/pc/games/tyranny/ 
Crawler: True Extractor: TrueCrawler time: 0.0174291133881
Crawler time: 0.0308599472046
162 requests was generated
Payload requests time: 142.706677914
Done.
Url: https://games.mail.ru/pc/games/baldurs_gate_tales_of_the_sword_coast/ 
Crawler: True Extractor: TrueCrawler time: 0.0184969902039
Crawler time: 0.031772851944
166 requests was generated
Payload requests time: 136.06467104
Done.
Url: https://games.mail.ru/pc/games/star_wars_knights_of_the_old_republic_2_sith_lords 
Crawler: True Extractor: TrueCrawler time: 0.0194511413574
Crawler time: 0.0346069335938
174 requests was generated
Payload requests time: 150.862423897
Done.
Url: https://games.mail.ru/pc/video/pillars_of_eternity_gameplay_teaser/ 
Crawler: True Extractor: TrueCrawler time: 0.0160238742828
Crawler time: 0.0311570167542
168 requests was generated
Payload requests time: 203.854140997
Done.
